Sat Nov 18 2017 09:53:00 GMT-0500 (EST): / GET
Sat Nov 18 2017 09:53:32 GMT-0500 (EST): / GET
Sat Nov 18 2017 09:54:03 GMT-0500 (EST): / GET
Sat Nov 18 2017 09:59:17 GMT-0500 (EST): / GET
Sat Nov 18 2017 09:59:17 GMT-0500 (EST): /stylesheets/style.css GET
Sat Nov 18 2017 09:59:17 GMT-0500 (EST): /images/doggo.png GET
Sat Nov 18 2017 09:59:18 GMT-0500 (EST): /images/background.jpg GET
Sat Nov 18 2017 09:59:46 GMT-0500 (EST): / GET
Sat Nov 18 2017 09:59:46 GMT-0500 (EST): /stylesheets/style.css GET
Sat Nov 18 2017 09:59:46 GMT-0500 (EST): /images/doggo.png GET
Sat Nov 18 2017 09:59:47 GMT-0500 (EST): /images/background.jpg GET
Sat Nov 18 2017 10:00:41 GMT-0500 (EST): / GET
Sat Nov 18 2017 10:00:41 GMT-0500 (EST): /stylesheets/style.css GET
Sat Nov 18 2017 10:00:41 GMT-0500 (EST): /images/doggo.png GET
Sat Nov 18 2017 10:00:42 GMT-0500 (EST): /images/background.jpg GET
Sat Nov 18 2017 10:00:59 GMT-0500 (EST): / GET
Sat Nov 18 2017 10:00:59 GMT-0500 (EST): /stylesheets/style.css GET
Sat Nov 18 2017 10:00:59 GMT-0500 (EST): /images/doggo.png GET
Sat Nov 18 2017 10:01:00 GMT-0500 (EST): /images/background.jpg GET
Sat Nov 18 2017 10:02:07 GMT-0500 (EST): / GET
Sat Nov 18 2017 10:02:07 GMT-0500 (EST): /stylesheets/style.css GET
Sat Nov 18 2017 10:02:07 GMT-0500 (EST): /images/doggo.png GET
Sat Nov 18 2017 10:02:08 GMT-0500 (EST): /images/background.jpg GET
Sat Nov 18 2017 10:03:04 GMT-0500 (EST): / GET
Sat Nov 18 2017 10:03:04 GMT-0500 (EST): /stylesheets/style.css GET
Sat Nov 18 2017 10:03:04 GMT-0500 (EST): /images/doggo.png GET
Sat Nov 18 2017 10:03:05 GMT-0500 (EST): /images/background.jpg GET
Sat Nov 18 2017 10:03:37 GMT-0500 (EST): /stylesheets/style.css GET
Sat Nov 18 2017 10:05:10 GMT-0500 (EST): / GET
Sat Nov 18 2017 10:05:10 GMT-0500 (EST): /stylesheets/style.css GET
Sat Nov 18 2017 10:05:10 GMT-0500 (EST): /images/doggo.png GET
Sat Nov 18 2017 10:05:11 GMT-0500 (EST): /images/background.jpg GET
Sat Nov 18 2017 10:05:44 GMT-0500 (EST): / GET
Sat Nov 18 2017 10:05:44 GMT-0500 (EST): /stylesheets/style.css GET
Sat Nov 18 2017 10:05:44 GMT-0500 (EST): /images/doggo.png GET
Sat Nov 18 2017 10:05:45 GMT-0500 (EST): /images/background.jpg GET
Sat Nov 18 2017 10:06:34 GMT-0500 (EST): /login POST
Sat Nov 18 2017 10:07:52 GMT-0500 (EST): / GET
Sat Nov 18 2017 10:07:52 GMT-0500 (EST): /stylesheets/style.css GET
Sat Nov 18 2017 10:07:52 GMT-0500 (EST): /images/doggo.png GET
Sat Nov 18 2017 10:07:52 GMT-0500 (EST): /images/background.jpg GET
Sat Nov 18 2017 10:09:23 GMT-0500 (EST): / GET
Sat Nov 18 2017 10:09:23 GMT-0500 (EST): /stylesheets/style.css GET
Sat Nov 18 2017 10:09:23 GMT-0500 (EST): /images/doggo.png GET
Sat Nov 18 2017 10:09:24 GMT-0500 (EST): /images/background.jpg GET
Sat Nov 18 2017 10:10:30 GMT-0500 (EST): / GET
Sat Nov 18 2017 10:10:30 GMT-0500 (EST): /stylesheets/style.css GET
Sat Nov 18 2017 10:10:30 GMT-0500 (EST): /images/doggo.png GET
Sat Nov 18 2017 10:10:31 GMT-0500 (EST): /images/background.jpg GET
Sat Nov 18 2017 10:10:34 GMT-0500 (EST): /loginForm POST
Sat Nov 18 2017 10:11:05 GMT-0500 (EST): / GET
Sat Nov 18 2017 10:11:05 GMT-0500 (EST): /stylesheets/style.css GET
Sat Nov 18 2017 10:11:05 GMT-0500 (EST): /images/doggo.png GET
Sat Nov 18 2017 10:11:06 GMT-0500 (EST): /images/background.jpg GET
Sat Nov 18 2017 10:12:03 GMT-0500 (EST): / GET
Sat Nov 18 2017 10:12:03 GMT-0500 (EST): /stylesheets/style.css GET
Sat Nov 18 2017 10:12:03 GMT-0500 (EST): /images/doggo.png GET
Sat Nov 18 2017 10:12:04 GMT-0500 (EST): /images/background.jpg GET
Sat Nov 18 2017 10:12:08 GMT-0500 (EST): /loginForm POST
Sat Nov 18 2017 10:12:45 GMT-0500 (EST): /loginForm POST
Sat Nov 18 2017 10:13:08 GMT-0500 (EST): /loginForm POST
Sat Nov 18 2017 10:15:43 GMT-0500 (EST): / GET
Sat Nov 18 2017 10:16:05 GMT-0500 (EST): / GET
Sat Nov 18 2017 10:16:41 GMT-0500 (EST): / GET
Sat Nov 18 2017 10:16:41 GMT-0500 (EST): /stylesheets/style.css GET
Sat Nov 18 2017 10:16:41 GMT-0500 (EST): /images/doggo.png GET
Sat Nov 18 2017 10:16:42 GMT-0500 (EST): /images/background.jpg GET
Sat Nov 18 2017 10:16:52 GMT-0500 (EST): /loginForm POST
Sat Nov 18 2017 10:17:55 GMT-0500 (EST): / GET
Sat Nov 18 2017 10:17:55 GMT-0500 (EST): /stylesheets/style.css GET
Sat Nov 18 2017 10:17:55 GMT-0500 (EST): /images/doggo.png GET
Sat Nov 18 2017 10:17:56 GMT-0500 (EST): /images/background.jpg GET
Sat Nov 18 2017 10:18:03 GMT-0500 (EST): /loginForm POST
Sat Nov 18 2017 10:25:26 GMT-0500 (EST): / GET
Sat Nov 18 2017 10:25:26 GMT-0500 (EST): /stylesheets/style.css GET
Sat Nov 18 2017 10:25:26 GMT-0500 (EST): /images/doggo.png GET
Sat Nov 18 2017 10:25:27 GMT-0500 (EST): /images/background.jpg GET
Sat Nov 18 2017 10:26:31 GMT-0500 (EST): / GET
Sat Nov 18 2017 10:26:31 GMT-0500 (EST): /stylesheets/style.css GET
Sat Nov 18 2017 10:26:31 GMT-0500 (EST): /images/doggo.png GET
Sat Nov 18 2017 10:26:32 GMT-0500 (EST): /images/background.jpg GET
Sat Nov 18 2017 10:26:34 GMT-0500 (EST): / GET
Sat Nov 18 2017 10:26:34 GMT-0500 (EST): /stylesheets/style.css GET
Sat Nov 18 2017 10:26:34 GMT-0500 (EST): /images/doggo.png GET
Sat Nov 18 2017 10:26:34 GMT-0500 (EST): /images/background.jpg GET
Sat Nov 18 2017 11:42:39 GMT-0500 (EST): / GET
Sat Nov 18 2017 11:42:39 GMT-0500 (EST): /stylesheets/style.css GET
Sat Nov 18 2017 11:42:39 GMT-0500 (EST): /images/doggo.png GET
Sat Nov 18 2017 11:42:40 GMT-0500 (EST): /images/background.jpg GET
Sat Nov 18 2017 11:42:49 GMT-0500 (EST): /loginForm POST
Sat Nov 18 2017 11:47:57 GMT-0500 (EST): / GET
Sat Nov 18 2017 11:47:57 GMT-0500 (EST): /stylesheets/style.css GET
Sat Nov 18 2017 11:47:57 GMT-0500 (EST): /images/doggo.png GET
Sat Nov 18 2017 11:47:57 GMT-0500 (EST): /images/background.jpg GET
Sat Nov 18 2017 11:48:14 GMT-0500 (EST): / GET
Sat Nov 18 2017 11:48:14 GMT-0500 (EST): /stylesheets/style.css GET
Sat Nov 18 2017 11:48:14 GMT-0500 (EST): /images/doggo.png GET
Sat Nov 18 2017 11:48:15 GMT-0500 (EST): /images/background.jpg GET
Sat Nov 18 2017 11:48:25 GMT-0500 (EST): /loginForm POST
Sat Nov 18 2017 11:48:52 GMT-0500 (EST): / GET
Sat Nov 18 2017 11:48:52 GMT-0500 (EST): /stylesheets/style.css GET
Sat Nov 18 2017 11:48:52 GMT-0500 (EST): /images/doggo.png GET
Sat Nov 18 2017 11:48:52 GMT-0500 (EST): /images/background.jpg GET
Sat Nov 18 2017 11:48:56 GMT-0500 (EST): /loginForm POST
Sat Nov 18 2017 11:59:53 GMT-0500 (EST): / GET
Sat Nov 18 2017 11:59:53 GMT-0500 (EST): /stylesheets/style.css GET
Sat Nov 18 2017 11:59:53 GMT-0500 (EST): /images/doggo.png GET
Sat Nov 18 2017 11:59:54 GMT-0500 (EST): /images/background.jpg GET
Sat Nov 18 2017 12:01:02 GMT-0500 (EST): / GET
Sat Nov 18 2017 12:01:02 GMT-0500 (EST): /stylesheets/style.css GET
Sat Nov 18 2017 12:01:02 GMT-0500 (EST): /images/doggo.png GET
Sat Nov 18 2017 12:01:03 GMT-0500 (EST): /images/background.jpg GET
Sat Nov 18 2017 12:01:39 GMT-0500 (EST): /registerForm POST
Sat Nov 18 2017 12:02:58 GMT-0500 (EST): / GET
Sat Nov 18 2017 12:02:58 GMT-0500 (EST): /stylesheets/style.css GET
Sat Nov 18 2017 12:02:58 GMT-0500 (EST): /images/doggo.png GET
Sat Nov 18 2017 12:02:58 GMT-0500 (EST): /images/background.jpg GET
Sat Nov 18 2017 12:03:15 GMT-0500 (EST): /registerForm POST
Sat Nov 18 2017 12:06:55 GMT-0500 (EST): / GET
Sat Nov 18 2017 12:06:55 GMT-0500 (EST): /stylesheets/style.css GET
Sat Nov 18 2017 12:06:55 GMT-0500 (EST): /images/doggo.png GET
Sat Nov 18 2017 12:06:56 GMT-0500 (EST): /images/background.jpg GET
Sat Nov 18 2017 12:07:11 GMT-0500 (EST): /registerForm POST
Sat Nov 18 2017 12:08:18 GMT-0500 (EST): /registerForm POST
Sat Nov 18 2017 12:19:22 GMT-0500 (EST): / GET
Sat Nov 18 2017 12:19:22 GMT-0500 (EST): /stylesheets/style.css GET
Sat Nov 18 2017 12:19:22 GMT-0500 (EST): /images/doggo.png GET
Sat Nov 18 2017 12:19:23 GMT-0500 (EST): /images/background.jpg GET
Sat Nov 18 2017 12:19:44 GMT-0500 (EST): /registerForm POST
Sat Nov 18 2017 12:20:22 GMT-0500 (EST): / GET
Sat Nov 18 2017 12:20:22 GMT-0500 (EST): /stylesheets/style.css GET
Sat Nov 18 2017 12:20:22 GMT-0500 (EST): /images/doggo.png GET
Sat Nov 18 2017 12:20:23 GMT-0500 (EST): /images/background.jpg GET
Sat Nov 18 2017 12:20:37 GMT-0500 (EST): /registerForm POST
Sat Nov 18 2017 12:21:49 GMT-0500 (EST): / GET
Sat Nov 18 2017 12:21:49 GMT-0500 (EST): /stylesheets/style.css GET
Sat Nov 18 2017 12:21:49 GMT-0500 (EST): /images/doggo.png GET
Sat Nov 18 2017 12:21:50 GMT-0500 (EST): /images/background.jpg GET
Sat Nov 18 2017 12:22:00 GMT-0500 (EST): /registerForm POST
Sat Nov 18 2017 12:24:17 GMT-0500 (EST): / GET
Sat Nov 18 2017 12:24:18 GMT-0500 (EST): /stylesheets/style.css GET
Sat Nov 18 2017 12:24:18 GMT-0500 (EST): /images/doggo.png GET
Sat Nov 18 2017 12:24:18 GMT-0500 (EST): /images/background.jpg GET
Sat Nov 18 2017 12:25:05 GMT-0500 (EST): / GET
Sat Nov 18 2017 12:25:05 GMT-0500 (EST): /stylesheets/style.css GET
Sat Nov 18 2017 12:25:05 GMT-0500 (EST): /images/doggo.png GET
Sat Nov 18 2017 12:25:06 GMT-0500 (EST): /images/background.jpg GET
Sat Nov 18 2017 12:25:09 GMT-0500 (EST): /registerForm POST
Sat Nov 18 2017 12:30:34 GMT-0500 (EST): /registerForm POST
Sat Nov 18 2017 12:32:49 GMT-0500 (EST): /registerForm POST
Sat Nov 18 2017 12:33:47 GMT-0500 (EST): /registerForm POST
Sat Nov 18 2017 12:37:59 GMT-0500 (EST): /registerForm POST
Sat Nov 18 2017 12:38:41 GMT-0500 (EST): /registerForm POST
Sat Nov 18 2017 12:39:50 GMT-0500 (EST): /registerForm POST
Sat Nov 18 2017 12:43:58 GMT-0500 (EST): /registerForm POST
Sat Nov 18 2017 12:44:47 GMT-0500 (EST): /registerForm POST
Sat Nov 18 2017 12:46:25 GMT-0500 (EST): /registerForm POST
Sat Nov 18 2017 12:46:58 GMT-0500 (EST): /registerForm POST
Sat Nov 18 2017 12:47:03 GMT-0500 (EST): /registerForm POST
Sat Nov 18 2017 12:47:18 GMT-0500 (EST): /registerForm POST
Sat Nov 18 2017 12:48:28 GMT-0500 (EST): /registerForm POST
Sat Nov 18 2017 13:09:52 GMT-0500 (EST): / GET
Sat Nov 18 2017 13:09:52 GMT-0500 (EST): /stylesheets/style.css GET
Sat Nov 18 2017 13:09:52 GMT-0500 (EST): /images/doggo.png GET
Sat Nov 18 2017 13:09:53 GMT-0500 (EST): /images/background.jpg GET
Sat Nov 18 2017 13:10:15 GMT-0500 (EST): / GET
Sat Nov 18 2017 13:10:15 GMT-0500 (EST): /stylesheets/style.css GET
Sat Nov 18 2017 13:10:15 GMT-0500 (EST): /images/doggo.png GET
Sat Nov 18 2017 13:10:16 GMT-0500 (EST): /images/background.jpg GET
Sat Nov 18 2017 13:10:44 GMT-0500 (EST): / GET
Sat Nov 18 2017 13:10:44 GMT-0500 (EST): /stylesheets/style.css GET
Sat Nov 18 2017 13:10:44 GMT-0500 (EST): /images/doggo.png GET
Sat Nov 18 2017 13:10:45 GMT-0500 (EST): /images/background.jpg GET
Sat Nov 18 2017 13:11:18 GMT-0500 (EST): / GET
Sat Nov 18 2017 13:11:18 GMT-0500 (EST): /stylesheets/style.css GET
Sat Nov 18 2017 13:11:18 GMT-0500 (EST): /images/doggo.png GET
Sat Nov 18 2017 13:11:19 GMT-0500 (EST): /images/background.jpg GET
Sat Nov 18 2017 13:11:40 GMT-0500 (EST): / GET
Sat Nov 18 2017 13:11:40 GMT-0500 (EST): /stylesheets/style.css GET
Sat Nov 18 2017 13:11:40 GMT-0500 (EST): /images/doggo.png GET
Sat Nov 18 2017 13:11:40 GMT-0500 (EST): /images/background.jpg GET
Sat Nov 18 2017 13:11:43 GMT-0500 (EST): / GET
Sat Nov 18 2017 13:11:43 GMT-0500 (EST): /stylesheets/style.css GET
Sat Nov 18 2017 13:11:43 GMT-0500 (EST): /images/doggo.png GET
Sat Nov 18 2017 13:11:43 GMT-0500 (EST): /images/background.jpg GET
Sat Nov 18 2017 13:12:04 GMT-0500 (EST): / GET
Sat Nov 18 2017 13:12:04 GMT-0500 (EST): /stylesheets/style.css GET
Sat Nov 18 2017 13:12:04 GMT-0500 (EST): /images/doggo.png GET
Sat Nov 18 2017 13:12:05 GMT-0500 (EST): /images/background.jpg GET
Sat Nov 18 2017 13:12:23 GMT-0500 (EST): / GET
Sat Nov 18 2017 13:12:23 GMT-0500 (EST): /stylesheets/style.css GET
Sat Nov 18 2017 13:12:23 GMT-0500 (EST): /images/doggo.png GET
Sat Nov 18 2017 13:12:23 GMT-0500 (EST): /images/background.jpg GET
Sat Nov 18 2017 13:12:56 GMT-0500 (EST): / GET
Sat Nov 18 2017 13:12:56 GMT-0500 (EST): /stylesheets/style.css GET
Sat Nov 18 2017 13:12:56 GMT-0500 (EST): /images/doggo.png GET
Sat Nov 18 2017 13:12:57 GMT-0500 (EST): /images/background.jpg GET
Sat Nov 18 2017 13:13:16 GMT-0500 (EST): / GET
Sat Nov 18 2017 13:13:16 GMT-0500 (EST): /stylesheets/style.css GET
Sat Nov 18 2017 13:13:16 GMT-0500 (EST): /images/doggo.png GET
Sat Nov 18 2017 13:13:17 GMT-0500 (EST): /images/background.jpg GET
Sat Nov 18 2017 13:13:36 GMT-0500 (EST): / GET
Sat Nov 18 2017 13:13:36 GMT-0500 (EST): /stylesheets/style.css GET
Sat Nov 18 2017 13:13:36 GMT-0500 (EST): /images/doggo.png GET
Sat Nov 18 2017 13:13:37 GMT-0500 (EST): /images/background.jpg GET
Sat Nov 18 2017 13:14:36 GMT-0500 (EST): / GET
Sat Nov 18 2017 13:14:36 GMT-0500 (EST): /stylesheets/style.css GET
Sat Nov 18 2017 13:14:36 GMT-0500 (EST): /images/doggo.png GET
Sat Nov 18 2017 13:14:37 GMT-0500 (EST): /images/background.jpg GET
Sat Nov 18 2017 13:15:09 GMT-0500 (EST): / GET
Sat Nov 18 2017 13:15:09 GMT-0500 (EST): /stylesheets/style.css GET
Sat Nov 18 2017 13:15:09 GMT-0500 (EST): /images/doggo.png GET
Sat Nov 18 2017 13:15:10 GMT-0500 (EST): /images/background.jpg GET
Sat Nov 18 2017 13:16:52 GMT-0500 (EST): / GET
Sat Nov 18 2017 13:16:52 GMT-0500 (EST): /stylesheets/style.css GET
Sat Nov 18 2017 13:16:52 GMT-0500 (EST): /images/doggo.png GET
Sat Nov 18 2017 13:16:53 GMT-0500 (EST): /images/background.jpg GET
Sat Nov 18 2017 13:17:22 GMT-0500 (EST): / GET
Sat Nov 18 2017 13:17:22 GMT-0500 (EST): /stylesheets/style.css GET
Sat Nov 18 2017 13:17:22 GMT-0500 (EST): /images/doggo.png GET
Sat Nov 18 2017 13:17:23 GMT-0500 (EST): /images/background.jpg GET
Sat Nov 18 2017 13:18:49 GMT-0500 (EST): / GET
Sat Nov 18 2017 13:18:49 GMT-0500 (EST): /stylesheets/style.css GET
Sat Nov 18 2017 13:18:49 GMT-0500 (EST): /images/doggo.png GET
Sat Nov 18 2017 13:18:50 GMT-0500 (EST): /images/background.jpg GET
Sat Nov 18 2017 13:19:25 GMT-0500 (EST): / GET
Sat Nov 18 2017 13:19:25 GMT-0500 (EST): /stylesheets/style.css GET
Sat Nov 18 2017 13:19:25 GMT-0500 (EST): /images/doggo.png GET
Sat Nov 18 2017 13:19:26 GMT-0500 (EST): /images/background.jpg GET
Sat Nov 18 2017 13:19:45 GMT-0500 (EST): / GET
Sat Nov 18 2017 13:19:45 GMT-0500 (EST): /stylesheets/style.css GET
Sat Nov 18 2017 13:19:45 GMT-0500 (EST): /images/doggo.png GET
Sat Nov 18 2017 13:19:46 GMT-0500 (EST): /images/background.jpg GET
Sat Nov 18 2017 13:19:55 GMT-0500 (EST): /stylesheets/style.css GET
Sat Nov 18 2017 13:22:18 GMT-0500 (EST): / GET
Sat Nov 18 2017 13:22:18 GMT-0500 (EST): /stylesheets/style.css GET
Sat Nov 18 2017 13:22:18 GMT-0500 (EST): /images/doggo.png GET
Sat Nov 18 2017 13:22:19 GMT-0500 (EST): /images/background.jpg GET
Sat Nov 18 2017 13:24:47 GMT-0500 (EST): / GET
Sat Nov 18 2017 13:24:47 GMT-0500 (EST): /stylesheets/style.css GET
Sat Nov 18 2017 13:24:47 GMT-0500 (EST): /images/doggo.png GET
Sat Nov 18 2017 13:24:48 GMT-0500 (EST): /images/background.jpg GET
Sat Nov 18 2017 13:25:20 GMT-0500 (EST): / GET
Sat Nov 18 2017 13:25:20 GMT-0500 (EST): /stylesheets/style.css GET
Sat Nov 18 2017 13:25:20 GMT-0500 (EST): /images/doggo.png GET
Sat Nov 18 2017 13:25:21 GMT-0500 (EST): /images/background.jpg GET
Sat Nov 18 2017 13:25:39 GMT-0500 (EST): / GET
Sat Nov 18 2017 13:25:40 GMT-0500 (EST): /stylesheets/style.css GET
Sat Nov 18 2017 13:25:40 GMT-0500 (EST): /images/doggo.png GET
Sat Nov 18 2017 13:25:41 GMT-0500 (EST): /images/background.jpg GET
Sat Nov 18 2017 13:28:53 GMT-0500 (EST): / GET
Sat Nov 18 2017 13:28:53 GMT-0500 (EST): /stylesheets/style.css GET
Sat Nov 18 2017 13:28:53 GMT-0500 (EST): /images/doggo.png GET
Sat Nov 18 2017 13:28:54 GMT-0500 (EST): /images/background.jpg GET
Sat Nov 18 2017 13:29:10 GMT-0500 (EST): / GET
Sat Nov 18 2017 13:29:10 GMT-0500 (EST): /stylesheets/style.css GET
Sat Nov 18 2017 13:29:10 GMT-0500 (EST): /images/doggo.png GET
Sat Nov 18 2017 13:29:11 GMT-0500 (EST): /images/background.jpg GET
Sat Nov 18 2017 13:29:28 GMT-0500 (EST): / GET
Sat Nov 18 2017 13:29:28 GMT-0500 (EST): /stylesheets/style.css GET
Sat Nov 18 2017 13:29:28 GMT-0500 (EST): /images/doggo.png GET
Sat Nov 18 2017 13:29:29 GMT-0500 (EST): /images/background.jpg GET
Sat Nov 18 2017 13:29:49 GMT-0500 (EST): / GET
Sat Nov 18 2017 13:29:50 GMT-0500 (EST): /stylesheets/style.css GET
Sat Nov 18 2017 13:29:50 GMT-0500 (EST): /images/doggo.png GET
Sat Nov 18 2017 13:29:51 GMT-0500 (EST): /images/background.jpg GET
Sat Nov 18 2017 13:29:59 GMT-0500 (EST): / GET
Sat Nov 18 2017 13:29:59 GMT-0500 (EST): /stylesheets/style.css GET
Sat Nov 18 2017 13:29:59 GMT-0500 (EST): /images/doggo.png GET
Sat Nov 18 2017 13:30:00 GMT-0500 (EST): /images/background.jpg GET
Sat Nov 18 2017 13:31:03 GMT-0500 (EST): / GET
Sat Nov 18 2017 13:31:03 GMT-0500 (EST): /stylesheets/style.css GET
Sat Nov 18 2017 13:31:03 GMT-0500 (EST): /images/doggo.png GET
Sat Nov 18 2017 13:31:04 GMT-0500 (EST): /images/background.jpg GET
Sat Nov 18 2017 13:31:38 GMT-0500 (EST): / GET
Sat Nov 18 2017 13:31:38 GMT-0500 (EST): /stylesheets/style.css GET
Sat Nov 18 2017 13:31:38 GMT-0500 (EST): /images/doggo.png GET
Sat Nov 18 2017 13:31:39 GMT-0500 (EST): /images/background.jpg GET
Sat Nov 18 2017 13:31:51 GMT-0500 (EST): / GET
Sat Nov 18 2017 13:31:51 GMT-0500 (EST): /stylesheets/style.css GET
Sat Nov 18 2017 13:31:51 GMT-0500 (EST): /images/doggo.png GET
Sat Nov 18 2017 13:31:52 GMT-0500 (EST): /images/background.jpg GET
Sat Nov 18 2017 13:33:12 GMT-0500 (EST): / GET
Sat Nov 18 2017 13:33:12 GMT-0500 (EST): /stylesheets/style.css GET
Sat Nov 18 2017 13:33:12 GMT-0500 (EST): /images/doggo.png GET
Sat Nov 18 2017 13:33:13 GMT-0500 (EST): /images/background.jpg GET
Sat Nov 18 2017 13:33:31 GMT-0500 (EST): / GET
Sat Nov 18 2017 13:33:31 GMT-0500 (EST): /stylesheets/style.css GET
Sat Nov 18 2017 13:33:31 GMT-0500 (EST): /images/doggo.png GET
Sat Nov 18 2017 13:33:32 GMT-0500 (EST): /images/background.jpg GET
Sat Nov 18 2017 13:34:58 GMT-0500 (EST): / GET
Sat Nov 18 2017 13:34:58 GMT-0500 (EST): /stylesheets/style.css GET
Sat Nov 18 2017 13:34:58 GMT-0500 (EST): /images/doggo.png GET
Sat Nov 18 2017 13:34:59 GMT-0500 (EST): /images/background.jpg GET
